#
# There is insufficient memory for the Java Runtime Environment to continue.
# Native memory allocation (malloc) failed to allocate 32744 bytes for ChunkPool::allocate
# Possible reasons:
#   The system is out of physical RAM or swap space
#   The process is running with CompressedOops enabled, and the Java Heap may be blocking the growth of the native heap
# Possible solutions:
#   Reduce memory load on the system
#   Increase physical memory or swap space
#   Check if swap backing store is full
#   Decrease Java heap size (-Xmx/-Xms)
#   Decrease number of Java threads
#   Decrease Java thread stack sizes (-Xss)
#   Set larger code cache with -XX:ReservedCodeCacheSize=
#   JVM is running with Zero Based Compressed Oops mode in which the Java heap is
#     placed in the first 32GB address space. The Java Heap base address is the
#     maximum limit for the native heap growth. Please use -XX:HeapBaseMinAddress
#     to set the Java Heap base and to place the Java Heap above 32GB virtual address.
# This output file may be truncated or incomplete.
#
#  Out of Memory Error (./open/src/hotspot/share/memory/arena.cpp:79), pid=39536, tid=6816
#
# JRE version: Java(TM) SE Runtime Environment (15.0.2+7) (build 15.0.2+7-27)
# Java VM: Java HotSpot(TM) 64-Bit Server VM (15.0.2+7-27, mixed mode, sharing, tiered, compressed oops, g1 gc, windows-amd64)
# No core dump will be written. Minidumps are not enabled by default on client versions of Windows
#

---------------  S U M M A R Y ------------

Command Line: -javaagent:C:\Program Files\JetBrains\IntelliJ IDEA 2021.2.3\lib\idea_rt.jar=12110:C:\Program Files\JetBrains\IntelliJ IDEA 2021.2.3\bin -Dfile.encoding=UTF-8 BOJ.Main_11726

Host: 11th Gen Intel(R) Core(TM) i5-1135G7 @ 2.40GHz, 8 cores, 15G,  Windows 10 , 64 bit Build 22000 (10.0.22000.708)
Time: Wed Sep  7 11:58:11 2022 대한민국 표준시 elapsed time: 0.127556 seconds (0d 0h 0m 0s)

---------------  T H R E A D  ---------------

Current thread (0x000001d0ae4d7650):  JavaThread "C2 CompilerThread0" daemon [_thread_in_native, id=6816, stack(0x000000109d600000,0x000000109d700000)]


Current CompileTask:
C2:    127  105       4       java.lang.String::hashCode (60 bytes)

Stack: [0x000000109d600000,0x000000109d700000]
Native frames: (J=compiled Java code, j=interpreted, Vv=VM code, C=native code)
V  [jvm.dll+0x62ae9a]
V  [jvm.dll+0x7817a9]
V  [jvm.dll+0x782f03]
V  [jvm.dll+0x783563]
V  [jvm.dll+0x216325]
V  [jvm.dll+0x982cf]
V  [jvm.dll+0x9861c]
V  [jvm.dll+0x313dca]
V  [jvm.dll+0x676e0b]
V  [jvm.dll+0x18e2b0]
V  [jvm.dll+0x1ea822]
V  [jvm.dll+0x1e996e]
V  [jvm.dll+0x178567]
V  [jvm.dll+0x1f9225]
V  [jvm.dll+0x1f72cc]
V  [jvm.dll+0x74495d]
V  [jvm.dll+0x73d75a]
V  [jvm.dll+0x629c56]
C  [ucrtbase.dll+0x26c0c]
C  [KERNEL32.DLL+0x154e0]
C  [ntdll.dll+0x485b]


---------------  P R O C E S S  ---------------

Threads class SMR info:
_java_thread_list=0x000001d0aee80050, length=11, elements={
0x000001d089016040, 0x000001d0ae4b0ca0, 0x000001d0ae4b1870, 0x000001d0ae4d0330,
0x000001d0ae4d0de0, 0x000001d0ae4d38a0, 0x000001d0ae4d7650, 0x000001d0ae4db730,
0x000001d0ae4e7a40, 0x000001d0aee76c60, 0x000001d0aeea8480
}

Java Threads: ( => current thread )
  0x000001d089016040 JavaThread "main" [_thread_in_native, id=35684, stack(0x000000109ca00000,0x000000109cb00000)]
  0x000001d0ae4b0ca0 JavaThread "Reference Handler" daemon [_thread_blocked, id=36192, stack(0x000000109d100000,0x000000109d200000)]
  0x000001d0ae4b1870 JavaThread "Finalizer" daemon [_thread_blocked, id=25816, stack(0x000000109d200000,0x000000109d300000)]
  0x000001d0ae4d0330 JavaThread "Signal Dispatcher" daemon [_thread_blocked, id=36388, stack(0x000000109d300000,0x000000109d400000)]
  0x000001d0ae4d0de0 JavaThread "Attach Listener" daemon [_thread_blocked, id=34168, stack(0x000000109d400000,0x000000109d500000)]
  0x000001d0ae4d38a0 JavaThread "Service Thread" daemon [_thread_blocked, id=3844, stack(0x000000109d500000,0x000000109d600000)]
=>0x000001d0ae4d7650 JavaThread "C2 CompilerThread0" daemon [_thread_in_native, id=6816, stack(0x000000109d600000,0x000000109d700000)]
  0x000001d0ae4db730 JavaThread "C1 CompilerThread0" daemon [_thread_in_native, id=22912, stack(0x000000109d700000,0x000000109d800000)]
  0x000001d0ae4e7a40 JavaThread "Sweeper thread" daemon [_thread_blocked, id=33236, stack(0x000000109d800000,0x000000109d900000)]
  0x000001d0aee76c60 JavaThread "Common-Cleaner" daemon [_thread_blocked, id=24736, stack(0x000000109d900000,0x000000109da00000)]
  0x000001d0aeea8480 JavaThread "C2 CompilerThread1" daemon [_thread_blocked, id=33920, stack(0x000000109da00000,0x000000109db00000)]

Other Threads:
  0x000001d0ae4af420 VMThread "VM Thread" [stack: 0x000000109d000000,0x000000109d100000] [id=37388]
  0x000001d089066e40 GCTaskThread "GC Thread#0" [stack: 0x000000109cb00000,0x000000109cc00000] [id=21996]
  0x000001d089077c40 ConcurrentGCThread "G1 Main Marker" [stack: 0x000000109cc00000,0x000000109cd00000] [id=35788]
  0x000001d089079fe0 ConcurrentGCThread "G1 Conc#0" [stack: 0x000000109cd00000,0x000000109ce00000] [id=37904]
  0x000001d0890edd10 ConcurrentGCThread "G1 Refine#0" [stack: 0x000000109ce00000,0x000000109cf00000] [id=36348]
  0x000001d0890ee650 ConcurrentGCThread "G1 Young RemSet Sampling" [stack: 0x000000109cf00000,0x000000109d000000] [id=23024]

Threads with active compile tasks:
C2 CompilerThread0      170  105       4       java.lang.String::hashCode (60 bytes)
C1 CompilerThread0      170  157       3       java.util.ImmutableCollections$MapN::probe (60 bytes)

VM state: not at safepoint (normal execution)

VM Mutex/Monitor currently owned by a thread: None

Heap address: 0x0000000704a00000, size: 4022 MB, Compressed Oops mode: Zero based, Oop shift amount: 3
CDS archive(s) mapped at: [0x0000000800000000-0x0000000800b50000-0x0000000800b50000), size 11862016, SharedBaseAddress: 0x0000000800000000, ArchiveRelocationMode: 0.
Compressed class space mapped at: 0x0000000800b50000-0x0000000840b50000, size: 1073741824
Narrow klass base: 0x0000000800000000, Narrow klass shift: 3, Narrow klass range: 0x100000000

GC Precious Log:
 CPUs: 8 total, 8 available
 Memory: 16080M
 Large Page Support: Disabled
 NUMA Support: Disabled
 Compressed Oops: Enabled (Zero based)
 Heap Region Size: 2M
 Heap Min Capacity: 8M
 Heap Initial Capacity: 252M
 Heap Max Capacity: 4022M
 Pre-touch: Disabled
 Parallel Workers: 8
 Concurrent Workers: 2
 Concurrent Refinement Workers: 8
 Periodic GC: Disabled

Heap:
 garbage-first heap   total 258048K, used 2048K [0x0000000704a00000, 0x0000000800000000)
  region size 2048K, 2 young (4096K), 0 survivors (0K)
 Metaspace       used 458K, capacity 851K, committed 1024K, reserved 1060864K
  class space    used 39K, capacity 385K, committed 512K, reserved 1048576K

Heap Regions: E=young(eden), S=young(survivor), O=old, HS=humongous(starts), HC=humongous(continues), CS=collection set, F=free, OA=open archive, CA=closed archive, TAMS=top-at-mark-start (previous, next)
|   0|0x0000000704a00000, 0x0000000704a00000, 0x0000000704c00000|  0%| F|  |TAMS 0x0000000704a00000, 0x0000000704a00000| Untracked 
|   1|0x0000000704c00000, 0x0000000704c00000, 0x0000000704e00000|  0%| F|  |TAMS 0x0000000704c00000, 0x0000000704c00000| Untracked 
|   2|0x0000000704e00000, 0x0000000704e00000, 0x0000000705000000|  0%| F|  |TAMS 0x0000000704e00000, 0x0000000704e00000| Untracked 
|   3|0x0000000705000000, 0x0000000705000000, 0x0000000705200000|  0%| F|  |TAMS 0x0000000705000000, 0x0000000705000000| Untracked 
|   4|0x0000000705200000, 0x0000000705200000, 0x0000000705400000|  0%| F|  |TAMS 0x0000000705200000, 0x0000000705200000| Untracked 
|   5|0x0000000705400000, 0x0000000705400000, 0x0000000705600000|  0%| F|  |TAMS 0x0000000705400000, 0x0000000705400000| Untracked 
|   6|0x0000000705600000, 0x0000000705600000, 0x0000000705800000|  0%| F|  |TAMS 0x0000000705600000, 0x0000000705600000| Untracked 
|   7|0x0000000705800000, 0x0000000705800000, 0x0000000705a00000|  0%| F|  |TAMS 0x0000000705800000, 0x0000000705800000| Untracked 
|   8|0x0000000705a00000, 0x0000000705a00000, 0x0000000705c00000|  0%| F|  |TAMS 0x0000000705a00000, 0x0000000705a00000| Untracked 
|   9|0x0000000705c00000, 0x0000000705c00000, 0x0000000705e00000|  0%| F|  |TAMS 0x0000000705c00000, 0x0000000705c00000| Untracked 
|  10|0x0000000705e00000, 0x0000000705e00000, 0x0000000706000000|  0%| F|  |TAMS 0x0000000705e00000, 0x0000000705e00000| Untracked 
|  11|0x0000000706000000, 0x0000000706000000, 0x0000000706200000|  0%| F|  |TAMS 0x0000000706000000, 0x0000000706000000| Untracked 
|  12|0x0000000706200000, 0x0000000706200000, 0x0000000706400000|  0%| F|  |TAMS 0x0000000706200000, 0x0000000706200000| Untracked 
|  13|0x0000000706400000, 0x0000000706400000, 0x0000000706600000|  0%| F|  |TAMS 0x0000000706400000, 0x0000000706400000| Untracked 
|  14|0x0000000706600000, 0x0000000706600000, 0x0000000706800000|  0%| F|  |TAMS 0x0000000706600000, 0x0000000706600000| Untracked 
|  15|0x0000000706800000, 0x0000000706800000, 0x0000000706a00000|  0%| F|  |TAMS 0x0000000706800000, 0x0000000706800000| Untracked 
|  16|0x0000000706a00000, 0x0000000706a00000, 0x0000000706c00000|  0%| F|  |TAMS 0x0000000706a00000, 0x0000000706a00000| Untracked 
|  17|0x0000000706c00000, 0x0000000706c00000, 0x0000000706e00000|  0%| F|  |TAMS 0x0000000706c00000, 0x0000000706c00000| Untracked 
|  18|0x0000000706e00000, 0x0000000706e00000, 0x0000000707000000|  0%| F|  |TAMS 0x0000000706e00000, 0x0000000706e00000| Untracked 
|  19|0x0000000707000000, 0x0000000707000000, 0x0000000707200000|  0%| F|  |TAMS 0x0000000707000000, 0x0000000707000000| Untracked 
|  20|0x0000000707200000, 0x0000000707200000, 0x0000000707400000|  0%| F|  |TAMS 0x0000000707200000, 0x0000000707200000| Untracked 
|  21|0x0000000707400000, 0x0000000707400000, 0x0000000707600000|  0%| F|  |TAMS 0x0000000707400000, 0x0000000707400000| Untracked 
|  22|0x0000000707600000, 0x0000000707600000, 0x0000000707800000|  0%| F|  |TAMS 0x0000000707600000, 0x0000000707600000| Untracked 
|  23|0x0000000707800000, 0x0000000707800000, 0x0000000707a00000|  0%| F|  |TAMS 0x0000000707800000, 0x0000000707800000| Untracked 
|  24|0x0000000707a00000, 0x0000000707a00000, 0x0000000707c00000|  0%| F|  |TAMS 0x0000000707a00000, 0x0000000707a00000| Untracked 
|  25|0x0000000707c00000, 0x0000000707c00000, 0x0000000707e00000|  0%| F|  |TAMS 0x0000000707c00000, 0x0000000707c00000| Untracked 
|  26|0x0000000707e00000, 0x0000000707e00000, 0x0000000708000000|  0%| F|  |TAMS 0x0000000707e00000, 0x0000000707e00000| Untracked 
|  27|0x0000000708000000, 0x0000000708000000, 0x0000000708200000|  0%| F|  |TAMS 0x0000000708000000, 0x0000000708000000| Untracked 
|  28|0x0000000708200000, 0x0000000708200000, 0x0000000708400000|  0%| F|  |TAMS 0x0000000708200000, 0x0000000708200000| Untracked 
|  29|0x0000000708400000, 0x0000000708400000, 0x0000000708600000|  0%| F|  |TAMS 0x0000000708400000, 0x0000000708400000| Untracked 
|  30|0x0000000708600000, 0x0000000708600000, 0x0000000708800000|  0%| F|  |TAMS 0x0000000708600000, 0x0000000708600000| Untracked 
|  31|0x0000000708800000, 0x0000000708800000, 0x0000000708a00000|  0%| F|  |TAMS 0x0000000708800000, 0x0000000708800000| Untracked 
|  32|0x0000000708a00000, 0x0000000708a00000, 0x0000000708c00000|  0%| F|  |TAMS 0x0000000708a00000, 0x0000000708a00000| Untracked 
|  33|0x0000000708c00000, 0x0000000708c00000, 0x0000000708e00000|  0%| F|  |TAMS 0x0000000708c00000, 0x0000000708c00000| Untracked 
|  34|0x0000000708e00000, 0x0000000708e00000, 0x0000000709000000|  0%| F|  |TAMS 0x0000000708e00000, 0x0000000708e00000| Untracked 
|  35|0x0000000709000000, 0x0000000709000000, 0x0000000709200000|  0%| F|  |TAMS 0x0000000709000000, 0x0000000709000000| Untracked 
|  36|0x0000000709200000, 0x0000000709200000, 0x0000000709400000|  0%| F|  |TAMS 0x0000000709200000, 0x0000000709200000| Untracked 
|  37|0x0000000709400000, 0x0000000709400000, 0x0000000709600000|  0%| F|  |TAMS 0x0000000709400000, 0x0000000709400000| Untracked 
|  38|0x0000000709600000, 0x0000000709600000, 0x0000000709800000|  0%| F|  |TAMS 0x0000000709600000, 0x0000000709600000| Untracked 
|  39|0x0000000709800000, 0x0000000709800000, 0x0000000709a00000|  0%| F|  |TAMS 0x0000000709800000, 0x0000000709800000| Untracked 
|  40|0x0000000709a00000, 0x0000000709a00000, 0x0000000709c00000|  0%| F|  |TAMS 0x0000000709a00000, 0x0000000709a00000| Untracked 
|  41|0x0000000709c00000, 0x0000000709c00000, 0x0000000709e00000|  0%| F|  |TAMS 0x0000000709c00000, 0x0000000709c00000| Untracked 
|  42|0x0000000709e00000, 0x0000000709e00000, 0x000000070a000000|  0%| F|  |TAMS 0x0000000709e00000, 0x0000000709e00000| Untracked 
|  43|0x000000070a000000, 0x000000070a000000, 0x000000070a200000|  0%| F|  |TAMS 0x000000070a000000, 0x000000070a000000| Untracked 
|  44|0x000000070a200000, 0x000000070a200000, 0x000000070a400000|  0%| F|  |TAMS 0x000000070a200000, 0x000000070a200000| Untracked 
|  45|0x000000070a400000, 0x000000070a400000, 0x000000070a600000|  0%| F|  |TAMS 0x000000070a400000, 0x000000070a400000| Untracked 
|  46|0x000000070a600000, 0x000000070a600000, 0x000000070a800000|  0%| F|  |TAMS 0x000000070a600000, 0x000000070a600000| Untracked 
|  47|0x000000070a800000, 0x000000070a800000, 0x000000070aa00000|  0%| F|  |TAMS 0x000000070a800000, 0x000000070a800000| Untracked 
|  48|0x000000070aa00000, 0x000000070aa00000, 0x000000070ac00000|  0%| F|  |TAMS 0x000000070aa00000, 0x000000070aa00000| Untracked 
|  49|0x000000070ac00000, 0x000000070ac00000, 0x000000070ae00000|  0%| F|  |TAMS 0x000000070ac00000, 0x000000070ac00000| Untracked 
|  50|0x000000070ae00000, 0x000000070ae00000, 0x000000070b000000|  0%| F|  |TAMS 0x000000070ae00000, 0x000000070ae00000| Untracked 
|  51|0x000000070b000000, 0x000000070b000000, 0x000000070b200000|  0%| F|  |TAMS 0x000000070b000000, 0x000000070b000000| Untracked 
|  52|0x000000070b200000, 0x000000070b200000, 0x000000070b400000|  0%| F|  |TAMS 0x000000070b200000, 0x000000070b200000| Untracked 
|  53|0x000000070b400000, 0x000000070b400000, 0x000000070b600000|  0%| F|  |TAMS 0x000000070b400000, 0x000000070b400000| Untracked 
|  54|0x000000070b600000, 0x000000070b600000, 0x000000070b800000|  0%| F|  |TAMS 0x000000070b600000, 0x000000070b600000| Untracked 
|  55|0x000000070b800000, 0x000000070b800000, 0x000000070ba00000|  0%| F|  |TAMS 0x000000070b800000, 0x000000070b800000| Untracked 
|  56|0x000000070ba00000, 0x000000070ba00000, 0x000000070bc00000|  0%| F|  |TAMS 0x000000070ba00000, 0x000000070ba00000| Untracked 
|  57|0x000000070bc00000, 0x000000070bc00000, 0x000000070be00000|  0%| F|  |TAMS 0x000000070bc00000, 0x000000070bc00000| Untracked 
|  58|0x000000070be00000, 0x000000070be00000, 0x000000070c000000|  0%| F|  |TAMS 0x000000070be00000, 0x000000070be00000| Untracked 
|  59|0x000000070c000000, 0x000000070c000000, 0x000000070c200000|  0%| F|  |TAMS 0x000000070c000000, 0x000000070c000000| Untracked 
|  60|0x000000070c200000, 0x000000070c200000, 0x000000070c400000|  0%| F|  |TAMS 0x000000070c200000, 0x000000070c200000| Untracked 
|  61|0x000000070c400000, 0x000000070c400000, 0x000000070c600000|  0%| F|  |TAMS 0x000000070c400000, 0x000000070c400000| Untracked 
|  62|0x000000070c600000, 0x000000070c600000, 0x000000070c800000|  0%| F|  |TAMS 0x000000070c600000, 0x000000070c600000| Untracked 
|  63|0x000000070c800000, 0x000000070c800000, 0x000000070ca00000|  0%| F|  |TAMS 0x000000070c800000, 0x000000070c800000| Untracked 
|  64|0x000000070ca00000, 0x000000070ca00000, 0x000000070cc00000|  0%| F|  |TAMS 0x000000070ca00000, 0x000000070ca00000| Untracked 
|  65|0x000000070cc00000, 0x000000070cc00000, 0x000000070ce00000|  0%| F|  |TAMS 0x000000070cc00000, 0x000000070cc00000| Untracked 
|  66|0x000000070ce00000, 0x000000070ce00000, 0x000000070d000000|  0%| F|  |TAMS 0x000000070ce00000, 0x000000070ce00000| Untracked 
|  67|0x000000070d000000, 0x000000070d000000, 0x000000070d200000|  0%| F|  |TAMS 0x000000070d000000, 0x000000070d000000| Untracked 
|  68|0x000000070d200000, 0x000000070d200000, 0x000000070d400000|  0%| F|  |TAMS 0x000000070d200000, 0x000000070d200000| Untracked 
|  69|0x000000070d400000, 0x000000070d400000, 0x000000070d600000|  0%| F|  |TAMS 0x000000070d400000, 0x000000070d400000| Untracked 
|  70|0x000000070d600000, 0x000000070d600000, 0x000000070d800000|  0%| F|  |TAMS 0x000000070d600000, 0x000000070d600000| Untracked 
|  71|0x000000070d800000, 0x000000070d800000, 0x000000070da00000|  0%| F|  |TAMS 0x000000070d800000, 0x000000070d800000| Untracked 
|  72|0x000000070da00000, 0x000000070da00000, 0x000000070dc00000|  0%| F|  |TAMS 0x000000070da00000, 0x000000070da00000| Untracked 
|  73|0x000000070dc00000, 0x000000070dc00000, 0x000000070de00000|  0%| F|  |TAMS 0x000000070dc00000, 0x000000070dc00000| Untracked 
|  74|0x000000070de00000, 0x000000070de00000, 0x000000070e000000|  0%| F|  |TAMS 0x000000070de00000, 0x000000070de00000| Untracked 
|  75|0x000000070e000000, 0x000000070e000000, 0x000000070e200000|  0%| F|  |TAMS 0x000000070e000000, 0x000000070e000000| Untracked 
|  76|0x000000070e200000, 0x000000070e200000, 0x000000070e400000|  0%| F|  |TAMS 0x000000070e200000, 0x000000070e200000| Untracked 
|  77|0x000000070e400000, 0x000000070e400000, 0x000000070e600000|  0%| F|  |TAMS 0x000000070e400000, 0x000000070e400000| Untracked 
|  78|0x000000070e600000, 0x000000070e600000, 0x000000070e800000|  0%| F|  |TAMS 0x000000070e600000, 0x000000070e600000| Untracked 
|  79|0x000000070e800000, 0x000000070e800000, 0x000000070ea00000|  0%| F|  |TAMS 0x000000070e800000, 0x000000070e800000| Untracked 
|  80|0x000000070ea00000, 0x000000070ea00000, 0x000000070ec00000|  0%| F|  |TAMS 0x000000070ea00000, 0x000000070ea00000| Untracked 
|  81|0x000000070ec00000, 0x000000070ec00000, 0x000000070ee00000|  0%| F|  |TAMS 0x000000070ec00000, 0x000000070ec00000| Untracked 
|  82|0x000000070ee00000, 0x000000070ee00000, 0x000000070f000000|  0%| F|  |TAMS 0x000000070ee00000, 0x000000070ee00000| Untracked 
|  83|0x000000070f000000, 0x000000070f000000, 0x000000070f200000|  0%| F|  |TAMS 0x000000070f000000, 0x000000070f000000| Untracked 
|  84|0x000000070f200000, 0x000000070f200000, 0x000000070f400000|  0%| F|  |TAMS 0x000000070f200000, 0x000000070f200000| Untracked 
|  85|0x000000070f400000, 0x000000070f400000, 0x000000070f600000|  0%| F|  |TAMS 0x000000070f400000, 0x000000070f400000| Untracked 
|  86|0x000000070f600000, 0x000000070f600000, 0x000000070f800000|  0%| F|  |TAMS 0x000000070f600000, 0x000000070f600000| Untracked 
|  87|0x000000070f800000, 0x000000070f800000, 0x000000070fa00000|  0%| F|  |TAMS 0x000000070f800000, 0x000000070f800000| Untracked 
|  88|0x000000070fa00000, 0x000000070fa00000, 0x000000070fc00000|  0%| F|  |TAMS 0x000000070fa00000, 0x000000070fa00000| Untracked 
|  89|0x000000070fc00000, 0x000000070fc00000, 0x000000070fe00000|  0%| F|  |TAMS 0x000000070fc00000, 0x000000070fc00000| Untracked 
|  90|0x000000070fe00000, 0x000000070fe00000, 0x0000000710000000|  0%| F|  |TAMS 0x000000070fe00000, 0x000000070fe00000| Untracked 
|  91|0x0000000710000000, 0x0000000710000000, 0x0000000710200000|  0%| F|  |TAMS 0x0000000710000000, 0x0000000710000000| Untracked 
|  92|0x0000000710200000, 0x0000000710200000, 0x0000000710400000|  0%| F|  |TAMS 0x0000000710200000, 0x0000000710200000| Untracked 
|  93|0x0000000710400000, 0x0000000710400000, 0x0000000710600000|  0%| F|  |TAMS 0x0000000710400000, 0x0000000710400000| Untracked 
|  94|0x0000000710600000, 0x0000000710600000, 0x0000000710800000|  0%| F|  |TAMS 0x0000000710600000, 0x0000000710600000| Untracked 
|  95|0x0000000710800000, 0x0000000710800000, 0x0000000710a00000|  0%| F|  |TAMS 0x0000000710800000, 0x0000000710800000| Untracked 
|  96|0x0000000710a00000, 0x0000000710a00000, 0x0000000710c00000|  0%| F|  |TAMS 0x0000000710a00000, 0x0000000710a00000| Untracked 
|  97|0x0000000710c00000, 0x0000000710c00000, 0x0000000710e00000|  0%| F|  |TAMS 0x0000000710c00000, 0x0000000710c00000| Untracked 
|  98|0x0000000710e00000, 0x0000000710e00000, 0x0000000711000000|  0%| F|  |TAMS 0x0000000710e00000, 0x0000000710e00000| Untracked 
|  99|0x0000000711000000, 0x0000000711000000, 0x0000000711200000|  0%| F|  |TAMS 0x0000000711000000, 0x0000000711000000| Untracked 
| 100|0x0000000711200000, 0x0000000711200000, 0x0000000711400000|  0%| F|  |TAMS 0x0000000711200000, 0x0000000711200000| Untracked 
| 101|0x0000000711400000, 0x0000000711400000, 0x0000000711600000|  0%| F|  |TAMS 0x0000000711400000, 0x0000000711400000| Untracked 
| 102|0x0000000711600000, 0x0000000711600000, 0x0000000711800000|  0%| F|  |TAMS 0x0000000711600000, 0x0000000711600000| Untracked 
| 103|0x0000000711800000, 0x0000000711800000, 0x0000000711a00000|  0%| F|  |TAMS 0x0000000711800000, 0x0000000711800000| Untracked 
| 104|0x0000000711a00000, 0x0000000711a00000, 0x0000000711c00000|  0%| F|  |TAMS 0x0000000711a00000, 0x0000000711a00000| Untracked 
| 105|0x0000000711c00000, 0x0000000711c00000, 0x0000000711e00000|  0%| F|  |TAMS 0x0000000711c00000, 0x0000000711c00000| Untracked 
| 106|0x0000000711e00000, 0x0000000711e00000, 0x0000000712000000|  0%| F|  |TAMS 0x0000000711e00000, 0x0000000711e00000| Untracked 
| 107|0x0000000712000000, 0x0000000712000000, 0x0000000712200000|  0%| F|  |TAMS 0x0000000712000000, 0x0000000712000000| Untracked 
| 108|0x0000000712200000, 0x0000000712200000, 0x0000000712400000|  0%| F|  |TAMS 0x0000000712200000, 0x0000000712200000| Untracked 
| 109|0x0000000712400000, 0x0000000712400000, 0x0000000712600000|  0%| F|  |TAMS 0x0000000712400000, 0x0000000712400000| Untracked 
| 110|0x0000000712600000, 0x0000000712600000, 0x0000000712800000|  0%| F|  |TAMS 0x0000000712600000, 0x0000000712600000| Untracked 
| 111|0x0000000712800000, 0x0000000712800000, 0x0000000712a00000|  0%| F|  |TAMS 0x0000000712800000, 0x0000000712800000| Untracked 
| 112|0x0000000712a00000, 0x0000000712a00000, 0x0000000712c00000|  0%| F|  |TAMS 0x0000000712a00000, 0x0000000712a00000| Untracked 
| 113|0x0000000712c00000, 0x0000000712c00000, 0x0000000712e00000|  0%| F|  |TAMS 0x0000000712c00000, 0x0000000712c00000| Untracked 
| 114|0x0000000712e00000, 0x0000000712e00000, 0x0000000713000000|  0%| F|  |TAMS 0x0000000712e00000, 0x0000000712e00000| Untracked 
| 115|0x0000000713000000, 0x0000000713000000, 0x0000000713200000|  0%| F|  |TAMS 0x0000000713000000, 0x0000000713000000| Untracked 
| 116|0x0000000713200000, 0x0000000713200000, 0x0000000713400000|  0%| F|  |TAMS 0x0000000713200000, 0x0000000713200000| Untracked 
| 117|0x0000000713400000, 0x0000000713400000, 0x0000000713600000|  0%| F|  |TAMS 0x0000000713400000, 0x0000000713400000| Untracked 
| 118|0x0000000713600000, 0x0000000713600000, 0x0000000713800000|  0%| F|  |TAMS 0x0000000713600000, 0x0000000713600000| Untracked 
| 119|0x0000000713800000, 0x0000000713800000, 0x0000000713a00000|  0%| F|  |TAMS 0x0000000713800000, 0x0000000713800000| Untracked 
| 120|0x0000000713a00000, 0x0000000713a00000, 0x0000000713c00000|  0%| F|  |TAMS 0x0000000713a00000, 0x0000000713a00000| Untracked 
| 121|0x0000000713c00000, 0x0000000713c00000, 0x0000000713e00000|  0%| F|  |TAMS 0x0000000713c00000, 0x0000000713c00000| Untracked 
| 122|0x0000000713e00000, 0x0000000713e00000, 0x0000000714000000|  0%| F|  |TAMS 0x0000000713e00000, 0x0000000713e00000| Untracked 
| 123|0x0000000714000000, 0x0000000714000000, 0x0000000714200000|  0%| F|  |TAMS 0x0000000714000000, 0x0000000714000000| Untracked 
| 124|0x0000000714200000, 0x0000000714284560, 0x0000000714400000| 25%| E|  |TAMS 0x0000000714200000, 0x0000000714200000| Complete 
| 125|0x0000000714400000, 0x0000000714600000, 0x0000000714600000|100%| E|CS|TAMS 0x0000000714400000, 0x0000000714400000| Complete 

Card table byte_map: [0x000001d0a2c80000,0x000001d0a3460000] _byte_map_base: 0x000001d09f45b000

Marking Bits (Prev, Next): (CMBitMap*) 0x000001d089067630, (CMBitMap*) 0x000001d089067670
 Prev Bits: [0x000001d0a3c40000, 0x000001d0a7b18000)
 Next Bits: [0x000001d0a7b20000, 0x000001d0ab9f8000)

Polling page: 0x000001d0890f0000

Metaspace:

Usage:
  Non-class:    466.00 KB capacity,   464.45 KB (>99%) used,   752 bytes ( <1%) free+waste,   832 bytes ( <1%) overhead. 
      Class:    385.00 KB capacity,    43.09 KB ( 11%) used,   341.79 KB ( 89%) free+waste,   128 bytes ( <1%) overhead. 
       Both:    851.00 KB capacity,   507.54 KB ( 60%) used,   342.52 KB ( 40%) free+waste,   960 bytes ( <1%) overhead. 

Virtual space:
  Non-class space:       12.00 MB reserved,     512.00 KB (  4%) committed 
      Class space:        1.00 GB reserved,     512.00 KB ( <1%) committed 
             Both:        1.01 GB reserved,       1.00 MB ( <1%) committed 

Chunk freelists:
   Non-Class:  46.00 KB
       Class:  0 bytes
        Both:  46.00 KB

MaxMetaspaceSize: 17179869184.00 GB
CompressedClassSpaceSize: 1.00 GB

CodeHeap 'non-profiled nmethods': size=120000Kb used=53Kb max_used=53Kb free=119946Kb
 bounds [0x000001d09a4f0000, 0x000001d09a760000, 0x000001d0a1a20000]
CodeHeap 'profiled nmethods': size=120000Kb used=161Kb max_used=161Kb free=119838Kb
 bounds [0x000001d092fc0000, 0x000001d093230000, 0x000001d09a4f0000]
CodeHeap 'non-nmethods': size=5760Kb used=1125Kb max_used=1125Kb free=4634Kb
 bounds [0x000001d092a20000, 0x000001d092c90000, 0x000001d092fc0000]
 total_blobs=512 nmethods=157 adapters=268
 compilation: enabled
              stopped_count=0, restarted_count=0
 full_count=0

Compilation events (20 events):
Event: 0.121 Thread 0x000001d0ae4db730 nmethod 90 0x000001d09a4f7690 code [0x000001d09a4f7820, 0x000001d09a4f78d8]
Event: 0.121 Thread 0x000001d0ae4db730  111       3       java.util.HashMap$KeyIterator::next (8 bytes)
Event: 0.122 Thread 0x000001d0ae4db730 nmethod 111 0x000001d092fdf810 code [0x000001d092fdf9c0, 0x000001d092fdfb08]
Event: 0.122 Thread 0x000001d0ae4db730   97       1       java.lang.module.ModuleDescriptor::isAutomatic (5 bytes)
Event: 0.122 Thread 0x000001d0ae4db730 nmethod 97 0x000001d09a4f7990 code [0x000001d09a4f7b20, 0x000001d09a4f7bd8]
Event: 0.122 Thread 0x000001d0ae4db730  118       3       java.util.ImmutableCollections$Set12$1::hasNext (13 bytes)
Event: 0.122 Thread 0x000001d0ae4db730 nmethod 118 0x000001d092fdfc10 code [0x000001d092fdfda0, 0x000001d092fdfef8]
Event: 0.122 Thread 0x000001d0ae4db730   95       1       java.lang.module.ModuleDescriptor::requires (5 bytes)
Event: 0.122 Thread 0x000001d0ae4db730 nmethod 95 0x000001d09a4f7c90 code [0x000001d09a4f7e20, 0x000001d09a4f7ed8]
Event: 0.122 Thread 0x000001d0ae4db730  110       1       java.lang.module.ModuleDescriptor::exports (5 bytes)
Event: 0.122 Thread 0x000001d0ae4db730 nmethod 110 0x000001d09a4f7f90 code [0x000001d09a4f8120, 0x000001d09a4f81d8]
Event: 0.122 Thread 0x000001d0ae4db730   88       1       jdk.internal.module.ModuleReferenceImpl::moduleResolution (5 bytes)
Event: 0.122 Thread 0x000001d0ae4db730 nmethod 88 0x000001d09a4f8290 code [0x000001d09a4f8420, 0x000001d09a4f84d8]
Event: 0.122 Thread 0x000001d0ae4db730  120       3       java.util.ImmutableCollections$Set12$1::next (95 bytes)
Event: 0.122 Thread 0x000001d0ae4db730 nmethod 120 0x000001d092fdff90 code [0x000001d092fe0140, 0x000001d092fe03a8]
Event: 0.122 Thread 0x000001d0ae4db730  113       1       java.lang.module.ModuleDescriptor::provides (5 bytes)
Event: 0.122 Thread 0x000001d0ae4db730 nmethod 113 0x000001d09a4f8590 code [0x000001d09a4f8720, 0x000001d09a4f87d8]
Event: 0.122 Thread 0x000001d0ae4db730  119       1       java.lang.module.ModuleDescriptor::uses (5 bytes)
Event: 0.123 Thread 0x000001d0ae4db730 nmethod 119 0x000001d09a4f8890 code [0x000001d09a4f8a20, 0x000001d09a4f8ad8]
Event: 0.123 Thread 0x000001d0ae4db730  121       3       java.util.Arrays::copyOfRange (64 bytes)

GC Heap History (0 events):
No events

Deoptimization events (0 events):
No events

Classes unloaded (0 events):
No events

Classes redefined (0 events):
No events

Internal exceptions (0 events):
No events

Events (20 events):
Event: 0.034 Thread 0x000001d089016040 Thread added: 0x000001d089016040
Event: 0.038 Thread 0x000001d0ae4b0ca0 Thread added: 0x000001d0ae4b0ca0
Event: 0.038 Thread 0x000001d0ae4b1870 Thread added: 0x000001d0ae4b1870
Event: 0.050 loading class sun/nio/cs/MS949
Event: 0.051 loading class sun/nio/cs/MS949 done
Event: 0.052 loading class sun/nio/cs/DoubleByte
Event: 0.052 loading class sun/nio/cs/DoubleByte done
Event: 0.055 loading class sun/nio/cs/DoubleByte$Decoder
Event: 0.055 loading class sun/nio/cs/DelegatableDecoder
Event: 0.055 loading class sun/nio/cs/DelegatableDecoder done
Event: 0.055 loading class sun/nio/cs/DoubleByte$Decoder done
Event: 0.058 loading class sun/nio/cs/UTF_8$Encoder
Event: 0.059 loading class sun/nio/cs/UTF_8$Encoder done
Event: 0.060 Thread 0x000001d0ae4d0330 Thread added: 0x000001d0ae4d0330
Event: 0.060 Thread 0x000001d0ae4d0de0 Thread added: 0x000001d0ae4d0de0
Event: 0.060 Thread 0x000001d0ae4d38a0 Thread added: 0x000001d0ae4d38a0
Event: 0.061 Thread 0x000001d0ae4d7650 Thread added: 0x000001d0ae4d7650
Event: 0.061 Thread 0x000001d0ae4db730 Thread added: 0x000001d0ae4db730
Event: 0.061 Thread 0x000001d0ae4e7a40 Thread added: 0x000001d0ae4e7a40
Event: 0.094 Thread 0x000001d0aee76c60 Thread added: 0x000001d0aee76c60


Dynamic libraries:
0x00007ff6b1ed0000 - 0x00007ff6b1edf000 	C:\Program Files\Java\jdk-15.0.2\bin\java.exe
0x00007ffcaefc0000 - 0x00007ffcaf1c9000 	C:\WINDOWS\SYSTEM32\ntdll.dll
0x00007ffcad760000 - 0x00007ffcad81d000 	C:\WINDOWS\System32\KERNEL32.DLL
0x00007ffcaca10000 - 0x00007ffcacd8d000 	C:\WINDOWS\System32\KERNELBASE.dll
0x00007ffcac590000 - 0x00007ffcac6a1000 	C:\WINDOWS\System32\ucrtbase.dll
0x00007ffca1810000 - 0x00007ffca1828000 	C:\Program Files\Java\jdk-15.0.2\bin\jli.dll
0x00007ffcadb20000 - 0x00007ffcadbce000 	C:\WINDOWS\System32\ADVAPI32.dll
0x00007ffc96bd0000 - 0x00007ffc96be9000 	C:\Program Files\Java\jdk-15.0.2\bin\VCRUNTIME140.dll
0x00007ffcace50000 - 0x00007ffcacef3000 	C:\WINDOWS\System32\msvcrt.dll
0x00007ffcad910000 - 0x00007ffcad9ae000 	C:\WINDOWS\System32\sechost.dll
0x00007ffcaedd0000 - 0x00007ffcaeef0000 	C:\WINDOWS\System32\RPCRT4.dll
0x00007ffcad0d0000 - 0x00007ffcad27d000 	C:\WINDOWS\System32\USER32.dll
0x00007ffcac6b0000 - 0x00007ffcac6d6000 	C:\WINDOWS\System32\win32u.dll
0x00007ffcae180000 - 0x00007ffcae1a9000 	C:\WINDOWS\System32\GDI32.dll
0x00007ffcac780000 - 0x00007ffcac898000 	C:\WINDOWS\System32\gdi32full.dll
0x00007ffc90620000 - 0x00007ffc908c5000 	C:\WINDOWS\WinSxS\amd64_microsoft.windows.common-controls_6595b64144ccf1df_6.0.22000.120_none_9d947278b86cc467\COMCTL32.dll
0x00007ffcac6e0000 - 0x00007ffcac77d000 	C:\WINDOWS\System32\msvcp_win.dll
0x00007ffc9e1e0000 - 0x00007ffc9e1ea000 	C:\WINDOWS\SYSTEM32\VERSION.dll
0x00007ffcadad0000 - 0x00007ffcadb01000 	C:\WINDOWS\System32\IMM32.DLL
0x00007ffca41f0000 - 0x00007ffca41fc000 	C:\Program Files\Java\jdk-15.0.2\bin\vcruntime140_1.dll
0x00007ffc841b0000 - 0x00007ffc84241000 	C:\Program Files\Java\jdk-15.0.2\bin\msvcp140.dll
0x00007ffc34e50000 - 0x00007ffc359ae000 	C:\Program Files\Java\jdk-15.0.2\bin\server\jvm.dll
0x00007ffcacf00000 - 0x00007ffcacf08000 	C:\WINDOWS\System32\PSAPI.DLL
0x00007ffc93d80000 - 0x00007ffc93d89000 	C:\WINDOWS\SYSTEM32\WSOCK32.dll
0x00007ffcad6f0000 - 0x00007ffcad75f000 	C:\WINDOWS\System32\WS2_32.dll
0x00007ffca1930000 - 0x00007ffca1963000 	C:\WINDOWS\SYSTEM32\WINMM.dll
0x00007ffcab660000 - 0x00007ffcab678000 	C:\WINDOWS\SYSTEM32\kernel.appcore.dll
0x00007ffca1800000 - 0x00007ffca180a000 	C:\Program Files\Java\jdk-15.0.2\bin\jimage.dll
0x00007ffca98f0000 - 0x00007ffca9b11000 	C:\WINDOWS\SYSTEM32\DBGHELP.DLL
0x00007ffc90c60000 - 0x00007ffc90c91000 	C:\WINDOWS\SYSTEM32\dbgcore.DLL
0x00007ffcac510000 - 0x00007ffcac58f000 	C:\WINDOWS\System32\bcryptPrimitives.dll
0x00007ffca14c0000 - 0x00007ffca14ce000 	C:\Program Files\Java\jdk-15.0.2\bin\instrument.dll
0x00007ffc96350000 - 0x00007ffc96375000 	C:\Program Files\Java\jdk-15.0.2\bin\java.dll
0x00007ffcae1b0000 - 0x00007ffcae968000 	C:\WINDOWS\System32\SHELL32.dll
0x00007ffcaa5e0000 - 0x00007ffcaae48000 	C:\WINDOWS\SYSTEM32\windows.storage.dll
0x00007ffcadc60000 - 0x00007ffcadfd9000 	C:\WINDOWS\System32\combase.dll
0x00007ffcaa470000 - 0x00007ffcaa5d6000 	C:\WINDOWS\SYSTEM32\wintypes.dll
0x00007ffcae9f0000 - 0x00007ffcaeada000 	C:\WINDOWS\System32\SHCORE.dll
0x00007ffcadc00000 - 0x00007ffcadc5d000 	C:\WINDOWS\System32\shlwapi.dll
0x00007ffcac3d0000 - 0x00007ffcac3f1000 	C:\WINDOWS\SYSTEM32\profapi.dll
0x00007ffc94a50000 - 0x00007ffc94a68000 	C:\Program Files\Java\jdk-15.0.2\bin\zip.dll
0x00007ffc96bb0000 - 0x00007ffc96bc9000 	C:\Program Files\Java\jdk-15.0.2\bin\net.dll
0x00007ffca2d00000 - 0x00007ffca2e0c000 	C:\WINDOWS\SYSTEM32\WINHTTP.dll
0x00007ffcabac0000 - 0x00007ffcabb27000 	C:\WINDOWS\system32\mswsock.dll
0x00007ffc96b70000 - 0x00007ffc96b82000 	C:\Program Files\Java\jdk-15.0.2\bin\nio.dll

dbghelp: loaded successfully - version: 4.0.5 - missing functions: none
symbol engine: initialized successfully - sym options: 0x614 - pdb path: .;C:\Program Files\Java\jdk-15.0.2\bin;C:\WINDOWS\SYSTEM32;C:\WINDOWS\WinSxS\amd64_microsoft.windows.common-controls_6595b64144ccf1df_6.0.22000.120_none_9d947278b86cc467;C:\Program Files\Java\jdk-15.0.2\bin\server

VM Arguments:
jvm_args: -javaagent:C:\Program Files\JetBrains\IntelliJ IDEA 2021.2.3\lib\idea_rt.jar=12110:C:\Program Files\JetBrains\IntelliJ IDEA 2021.2.3\bin -Dfile.encoding=UTF-8 
java_command: BOJ.Main_11726
java_class_path (initial): C:\workspace\programming\Algorithm\out\production\Algorithm;C:\Program Files\JetBrains\IntelliJ IDEA 2021.2.3\plugins\Kotlin\kotlinc\lib\kotlin-stdlib.jar;C:\Program Files\JetBrains\IntelliJ IDEA 2021.2.3\plugins\Kotlin\kotlinc\lib\kotlin-reflect.jar;C:\Program Files\JetBrains\IntelliJ IDEA 2021.2.3\plugins\Kotlin\kotlinc\lib\kotlin-test.jar
Launcher Type: SUN_STANDARD

[Global flags]
     intx CICompilerCount                          = 4                                         {product} {ergonomic}
     uint ConcGCThreads                            = 2                                         {product} {ergonomic}
     uint G1ConcRefinementThreads                  = 8                                         {product} {ergonomic}
   size_t G1HeapRegionSize                         = 2097152                                   {product} {ergonomic}
    uintx GCDrainStackTargetSize                   = 64                                        {product} {ergonomic}
   size_t InitialHeapSize                          = 264241152                                 {product} {ergonomic}
   size_t MarkStackSize                            = 4194304                                   {product} {ergonomic}
   size_t MaxHeapSize                              = 4217372672                                {product} {ergonomic}
   size_t MaxNewSize                               = 2529165312                                {product} {ergonomic}
   size_t MinHeapDeltaBytes                        = 2097152                                   {product} {ergonomic}
   size_t MinHeapSize                              = 8388608                                   {product} {ergonomic}
    uintx NonNMethodCodeHeapSize                   = 5839372                                {pd product} {ergonomic}
    uintx NonProfiledCodeHeapSize                  = 122909434                              {pd product} {ergonomic}
    uintx ProfiledCodeHeapSize                     = 122909434                              {pd product} {ergonomic}
    uintx ReservedCodeCacheSize                    = 251658240                              {pd product} {ergonomic}
     bool SegmentedCodeCache                       = true                                      {product} {ergonomic}
   size_t SoftMaxHeapSize                          = 4217372672                             {manageable} {ergonomic}
     bool UseCompressedClassPointers               = true                                 {lp64_product} {ergonomic}
     bool UseCompressedOops                        = true                                 {lp64_product} {ergonomic}
     bool UseG1GC                                  = true                                      {product} {ergonomic}
     bool UseLargePagesIndividualAllocation        = false                                  {pd product} {ergonomic}

Logging:
Log output configuration:
 #0: stdout all=warning uptime,level,tags
 #1: stderr all=off uptime,level,tags

Environment Variables:
JAVA_HOME=C:\Program Files\Java\jdk-15.0.2
CLASSPATH=C:\Program Files\Java\jdk-11.0.13\lib;.
PATH=C:\Python310\Scripts\;C:\Python310\;C:\Program Files (x86)\NAT Service;C:\Program Files (x86)\NVIDIA Corporation\PhysX\Common;C:\ProgramData\Anaconda3;C:\ProgramData\Anaconda3\Library\mingw-w64\bin;C:\ProgramData\Anaconda3\Library\usr\bin;C:\ProgramData\Anaconda3\Library\bin;C:\ProgramData\Anaconda3\Scripts;C:\ProgramData\Anaconda3\bin;C:\Program Files\Common Files\Oracle\Java\javapath;C:\Users\ymecc\anaconda3\envs\Trade;C:\Users\ymecc\anaconda3\envs\Trade\Library\mingw-w64\bin;C:\Users\ymecc\anaconda3\envs\Trade\Library\usr\bin;C:\Users\ymecc\anaconda3\envs\Trade\Library\bin;C:\Users\ymecc\anaconda3\envs\Trade\Scripts;C:\Users\ymecc\anaconda3\envs\Trade\bin;C:\Users\ymecc\anaconda3\condabin;C:\Program Files (x86)\Common Files\Intel\Shared Libraries\redist\intel64\compiler;C:\Windows\system32;C:\Windows;C:\Windows\System32\Wbem;C:\Windows\System32\WindowsPowerShell\v1.0;C:\Windows\System32\OpenSSH;C:\Program Files\Git\cmd;C:\Users\ymecc\AppData\Roaming\nvm;C:\Program Files\nodejs;C:\Users\ymecc\AppData\Roaming\npm;C:\Users\;C:\MinGW\bin;C:\WINDOWS\system32;C:\WINDOWS;C:\WINDOWS\System32\Wbem;C:\WINDOWS\System32\WindowsPowerShell\v1.0\;C:\WINDOWS\System32\OpenSSH\;"C:\Program Files\Java\jdk-11.0.13\bin;";C:\Program Files\Java\jdk-11.0.13;C:\MinGW\bin;C:\Program Files\Microsoft SQL Server\130\Tools\Binn\;C:\Python37\;C:\Python37\Scripts;C:\AutoSet10\Server\conf\;C:\AutoSet10\Server\bin\;C:\Program Files\MiKTeX\miktex\bin\x64\;C:\ProgramData\chocolatey\bin;C:\tools\Manim\Scripts;;C:\Program Files (x86)\Gpg4win\..\GnuPG\bin;C:\Users\Administrator\AppData\Local\Microsoft\WindowsApps;C:\Users\Administrator\AppData\Local\Programs\Microsoft VS Code\bin;C:\MinGW\bin;C:\Program Files\JetBrains\IntelliJ IDEA 2021.2.3\bin;C:\Users\Administrator\AppData\Local\GitHubDesktop\bin;C:\Program Files\CMake\bin;C:\Python37\;C:\Python37\Scripts\;C:\Program Files\JetBrains\DataGrip 2022.1.5\bin;C:\Users\Administrator\AppData\Local\gitkraken\bin;C:\Program Files\Java\jdk-11.0.13\bin;
USERNAME=Administrator
OS=Windows_NT
PROCESSOR_IDENTIFIER=Intel64 Family 6 Model 140 Stepping 1, GenuineIntel



---------------  S Y S T E M  ---------------

OS:
 Windows 10 , 64 bit Build 22000 (10.0.22000.708)
OS uptime: 0 days 22:36 hours
HyperV virtualization detected

CPU: total 8 (initial active 8) (4 cores per cpu, 2 threads per core) family 6 model 140 stepping 1 microcode 0x9a, cmov, cx8, fxsr, mmx, sse, sse2, sse3, ssse3, sse4.1, sse4.2, popcnt, vzeroupper, avx, avx2, aes, clmul, erms, 3dnowpref, lzcnt, ht, tsc, tscinvbit, bmi1, bmi2, adx, avx512f, avx512dq, avx512cd, avx512bw, avx512vl, avx512_vpopcntdq, avx512_vpclmulqdq, avx512_vbmi, avx512_vbmi2, avx512_vaes, avx512_vnni, sha, fma, clflush, clflushopt, clwb

Memory: 4k page, system-wide physical 16080M (1126M free)
TotalPageFile size 18986M (AvailPageFile size 1M)
current process WorkingSet (physical memory assigned to process): 34M, peak: 34M
current process commit charge ("private bytes"): 341M, peak: 341M

vm_info: Java HotSpot(TM) 64-Bit Server VM (15.0.2+7-27) for windows-amd64 JRE (15.0.2+7-27), built on Dec  7 2020 20:07:01 by "mach5one" with unknown MS VC++:1925

END.
