./계정정지.cpp: In function ‘bool check_overlap(std::vector<std::vector<int> >, std::vector<int>)’:
./계정정지.cpp:29:29: error: no match for ‘operator!=’ (operand types are ‘__gnu_cxx::__alloc_traits<std::allocator<int> >::value_type {aka int}’ and ‘std::vector<int>’)
             if(answer[i][j] != compare_arr){
In file included from /usr/include/c++/7/bits/stl_algobase.h:64:0,
                 from /usr/include/c++/7/bits/char_traits.h:39,
                 from /usr/include/c++/7/string:40,
                 from ./계정정지.cpp:2:
/usr/include/c++/7/bits/stl_pair.h:461:5: note: candidate: template<class _T1, class _T2> constexpr bool std::operator!=(const std::pair<_T1, _T2>&, const std::pair<_T1, _T2>&)
     operator!=(const pair<_T1, _T2>& __x, const pair<_T1, _T2>& __y)
     ^~~~~~~~
/usr/include/c++/7/bits/stl_pair.h:461:5: note:   template argument deduction/substitution failed:
./계정정지.cpp:29:32: note:   mismatched types ‘const std::pair<_T1, _T2>’ and ‘__gnu_cxx::__alloc_traits<std::allocator<int> >::value_type {aka int}’
             if(answer[i][j] != compare_arr){
                                ^~~~~~~~~~~
In file included from /usr/include/c++/7/bits/stl_algobase.h:67:0,
                 from /usr/include/c++/7/bits/char_traits.h:39,
                 from /usr/include/c++/7/string:40,
                 from ./계정정지.cpp:2:
/usr/include/c++/7/bits/stl_iterator.h:314:5: note: candidate: template<class _Iterator> bool std::operator!=(const std::reverse_iterator<_Iterator>&, const std::reverse_iterator<_Iterator>&)
     operator!=(const reverse_iterator<_Iterator>& __x,
     ^~~~~~~~
/usr/include/c++/7/bits/stl_iterator.h:314:5: note:   template argument deduction/substitution failed:
./계정정지.cpp:29:32: note:   mismatched types ‘const std::reverse_iterator<_Iterator>’ and ‘__gnu_cxx::__alloc_traits<std::allocator<int> >::value_type {aka int}’
             if(answer[i][j] != compare_arr){
                                ^~~~~~~~~~~
In file included from /usr/include/c++/7/bits/stl_algobase.h:67:0,
                 from /usr/include/c++/7/bits/char_traits.h:39,
                 from /usr/include/c++/7/string:40,
                 from ./계정정지.cpp:2:
/usr/include/c++/7/bits/stl_iterator.h:352:5: note: candidate: template<class _IteratorL, class _IteratorR> bool std::operator!=(const std::reverse_iterator<_Iterator>&, const std::reverse_iterator<_IteratorR>&)
     operator!=(const reverse_iterator<_IteratorL>& __x,
     ^~~~~~~~
/usr/include/c++/7/bits/stl_iterator.h:352:5: note:   template argument deduction/substitution failed:
./계정정지.cpp:29:32: note:   mismatched types ‘const std::reverse_iterator<_Iterator>’ and ‘__gnu_cxx::__alloc_traits<std::allocator<int> >::value_type {aka int}’
             if(answer[i][j] != compare_arr){
                                ^~~~~~~~~~~
In file included from /usr/include/c++/7/bits/stl_algobase.h:67:0,
                 from /usr/include/c++/7/bits/char_traits.h:39,
                 from /usr/include/c++/7/string:40,
                 from ./계정정지.cpp:2:
/usr/include/c++/7/bits/stl_iterator.h:1133:5: note: candidate: template<class _IteratorL, class _IteratorR> bool std::operator!=(const std::move_iterator<_IteratorL>&, const std::move_iterator<_IteratorR>&)
     operator!=(const move_iterator<_IteratorL>& __x,
     ^~~~~~~~
/usr/include/c++/7/bits/stl_iterator.h:1133:5: note:   template argument deduction/substitution failed:
./계정정지.cpp:29:32: note:   mismatched types ‘const std::move_iterator<_IteratorL>’ and ‘__gnu_cxx::__alloc_traits<std::allocator<int> >::value_type {aka int}’
             if(answer[i][j] != compare_arr){
                                ^~~~~~~~~~~
In file included from /usr/include/c++/7/bits/stl_algobase.h:67:0,
                 from /usr/include/c++/7/bits/char_traits.h:39,
                 from /usr/include/c++/7/string:40,
                 from ./계정정지.cpp:2:
/usr/include/c++/7/bits/stl_iterator.h:1139:5: note: candidate: template<class _Iterator> bool std::operator!=(const std::move_iterator<_IteratorL>&, const std::move_iterator<_IteratorL>&)
     operator!=(const move_iterator<_Iterator>& __x,
     ^~~~~~~~
/usr/include/c++/7/bits/stl_iterator.h:1139:5: note:   template argument deduction/substitution failed:
./계정정지.cpp:29:32: note:   mismatched types ‘const std::move_iterator<_IteratorL>’ and ‘__gnu_cxx::__alloc_traits<std::allocator<int> >::value_type {aka int}’
             if(answer[i][j] != compare_arr){
                                ^~~~~~~~~~~
In file included from /usr/include/c++/7/bits/char_traits.h:40:0,
                 from /usr/include/c++/7/string:40,
                 from ./계정정지.cpp:2:
/usr/include/c++/7/bits/postypes.h:221:5: note: candidate: template<class _StateT> bool std::operator!=(const std::fpos<_StateT>&, const std::fpos<_StateT>&)
     operator!=(const fpos<_StateT>& __lhs, const fpos<_StateT>& __rhs)
     ^~~~~~~~
/usr/include/c++/7/bits/postypes.h:221:5: note:   template argument deduction/substitution failed:
./계정정지.cpp:29:32: note:   mismatched types ‘const std::fpos<_StateT>’ and ‘__gnu_cxx::__alloc_traits<std::allocator<int> >::value_type {aka int}’
             if(answer[i][j] != compare_arr){
                                ^~~~~~~~~~~
In file included from /usr/include/c++/7/string:41:0,
                 from ./계정정지.cpp:2:
/usr/include/c++/7/bits/allocator.h:158:5: note: candidate: template<class _T1, class _T2> bool std::operator!=(const std::allocator<_CharT>&, const std::allocator<_T2>&)
     operator!=(const allocator<_T1>&, const allocator<_T2>&)
     ^~~~~~~~
/usr/include/c++/7/bits/allocator.h:158:5: note:   template argument deduction/substitution failed:
./계정정지.cpp:29:32: note:   mismatched types ‘const std::allocator<_CharT>’ and ‘__gnu_cxx::__alloc_traits<std::allocator<int> >::value_type {aka int}’
             if(answer[i][j] != compare_arr){
                                ^~~~~~~~~~~
In file included from /usr/include/c++/7/string:41:0,
                 from ./계정정지.cpp:2:
/usr/include/c++/7/bits/allocator.h:164:5: note: candidate: template<class _Tp> bool std::operator!=(const std::allocator<_CharT>&, const std::allocator<_CharT>&)
     operator!=(const allocator<_Tp>&, const allocator<_Tp>&)
     ^~~~~~~~
/usr/include/c++/7/bits/allocator.h:164:5: note:   template argument deduction/substitution failed:
./계정정지.cpp:29:32: note:   mismatched types ‘const std::allocator<_CharT>’ and ‘__gnu_cxx::__alloc_traits<std::allocator<int> >::value_type {aka int}’
             if(answer[i][j] != compare_arr){
                                ^~~~~~~~~~~
In file included from /usr/include/c++/7/string:52:0,
                 from ./계정정지.cpp:2:
/usr/include/c++/7/bits/basic_string.h:6056:5: note: candidate: template<class _CharT, class _Traits, class _Alloc> bool std::operator!=(const std::__cxx11::basic_string<_CharT, _Traits, _Alloc>&, const std::__cxx11::basic_string<_CharT, _Traits, _Alloc>&)
     operator!=(const basic_string<_CharT, _Traits, _Alloc>& __lhs,
     ^~~~~~~~
/usr/include/c++/7/bits/basic_string.h:6056:5: note:   template argument deduction/substitution failed:
./계정정지.cpp:29:32: note:   mismatched types ‘const std::__cxx11::basic_string<_CharT, _Traits, _Alloc>’ and ‘__gnu_cxx::__alloc_traits<std::allocator<int> >::value_type {aka int}’
             if(answer[i][j] != compare_arr){
                                ^~~~~~~~~~~
In file included from /usr/include/c++/7/string:52:0,
                 from ./계정정지.cpp:2:
/usr/include/c++/7/bits/basic_string.h:6069:5: note: candidate: template<class _CharT, class _Traits, class _Alloc> bool std::operator!=(const _CharT*, const std::__cxx11::basic_string<_CharT, _Traits, _Alloc>&)
     operator!=(const _CharT* __lhs,
     ^~~~~~~~
/usr/include/c++/7/bits/basic_string.h:6069:5: note:   template argument deduction/substitution failed:
./계정정지.cpp:29:32: note:   mismatched types ‘const _CharT*’ and ‘int’
             if(answer[i][j] != compare_arr){
                                ^~~~~~~~~~~
In file included from /usr/include/c++/7/string:52:0,
                 from ./계정정지.cpp:2:
/usr/include/c++/7/bits/basic_string.h:6081:5: note: candidate: template<class _CharT, class _Traits, class _Alloc> bool std::operator!=(const std::__cxx11::basic_string<_CharT, _Traits, _Alloc>&, const _CharT*)
     operator!=(const basic_string<_CharT, _Traits, _Alloc>& __lhs,
     ^~~~~~~~
/usr/include/c++/7/bits/basic_string.h:6081:5: note:   template argument deduction/substitution failed:
./계정정지.cpp:29:32: note:   mismatched types ‘const std::__cxx11::basic_string<_CharT, _Traits, _Alloc>’ and ‘__gnu_cxx::__alloc_traits<std::allocator<int> >::value_type {aka int}’
             if(answer[i][j] != compare_arr){
                                ^~~~~~~~~~~
In file included from /usr/include/c++/7/bits/ios_base.h:46:0,
                 from /usr/include/c++/7/ios:42,
                 from /usr/include/c++/7/ostream:38,
                 from /usr/include/c++/7/iostream:39,
                 from ./계정정지.cpp:3:
/usr/include/c++/7/system_error:319:3: note: candidate: bool std::operator!=(const std::error_code&, const std::error_code&)
   operator!=(const error_code& __lhs, const error_code& __rhs) noexcept
   ^~~~~~~~
/usr/include/c++/7/system_error:319:3: note:   no known conversion for argument 1 from ‘__gnu_cxx::__alloc_traits<std::allocator<int> >::value_type {aka int}’ to ‘const std::error_code&’
/usr/include/c++/7/system_error:323:3: note: candidate: bool std::operator!=(const std::error_code&, const std::error_condition&)
   operator!=(const error_code& __lhs, const error_condition& __rhs) noexcept
   ^~~~~~~~
/usr/include/c++/7/system_error:323:3: note:   no known conversion for argument 1 from ‘__gnu_cxx::__alloc_traits<std::allocator<int> >::value_type {aka int}’ to ‘const std::error_code&’
/usr/include/c++/7/system_error:327:3: note: candidate: bool std::operator!=(const std::error_condition&, const std::error_code&)
   operator!=(const error_condition& __lhs, const error_code& __rhs) noexcept
   ^~~~~~~~
/usr/include/c++/7/system_error:327:3: note:   no known conversion for argument 1 from ‘__gnu_cxx::__alloc_traits<std::allocator<int> >::value_type {aka int}’ to ‘const std::error_condition&’
/usr/include/c++/7/system_error:331:3: note: candidate: bool std::operator!=(const std::error_condition&, const std::error_condition&)
   operator!=(const error_condition& __lhs,
   ^~~~~~~~
/usr/include/c++/7/system_error:331:3: note:   no known conversion for argument 1 from ‘__gnu_cxx::__alloc_traits<std::allocator<int> >::value_type {aka int}’ to ‘const std::error_condition&’
In file included from /usr/include/c++/7/bits/locale_facets.h:48:0,
                 from /usr/include/c++/7/bits/basic_ios.h:37,
                 from /usr/include/c++/7/ios:44,
                 from /usr/include/c++/7/ostream:38,
                 from /usr/include/c++/7/iostream:39,
                 from ./계정정지.cpp:3:
/usr/include/c++/7/bits/streambuf_iterator.h:210:5: note: candidate: template<class _CharT, class _Traits> bool std::operator!=(const std::istreambuf_iterator<_CharT, _Traits>&, const std::istreambuf_iterator<_CharT, _Traits>&)
     operator!=(const istreambuf_iterator<_CharT, _Traits>& __a,
     ^~~~~~~~
/usr/include/c++/7/bits/streambuf_iterator.h:210:5: note:   template argument deduction/substitution failed:
./계정정지.cpp:29:32: note:   mismatched types ‘const std::istreambuf_iterator<_CharT, _Traits>’ and ‘__gnu_cxx::__alloc_traits<std::allocator<int> >::value_type {aka int}’
             if(answer[i][j] != compare_arr){
                                ^~~~~~~~~~~
In file included from /usr/include/c++/7/vector:64:0,
                 from ./계정정지.cpp:5:
/usr/include/c++/7/bits/stl_vector.h:1625:5: note: candidate: template<class _Tp, class _Alloc> bool std::operator!=(const std::vector<_Tp, _Alloc>&, const std::vector<_Tp, _Alloc>&)
     operator!=(const vector<_Tp, _Alloc>& __x, const vector<_Tp, _Alloc>& __y)
     ^~~~~~~~
/usr/include/c++/7/bits/stl_vector.h:1625:5: note:   template argument deduction/substitution failed:
./계정정지.cpp:29:32: note:   mismatched types ‘const std::vector<_Tp, _Alloc>’ and ‘__gnu_cxx::__alloc_traits<std::allocator<int> >::value_type {aka int}’
             if(answer[i][j] != compare_arr){
                                ^~~~~~~~~~~
In file included from /usr/include/x86_64-linux-gnu/c++/7/bits/c++allocator.h:33:0,
                 from /usr/include/c++/7/bits/allocator.h:46,
                 from /usr/include/c++/7/string:41,
                 from ./계정정지.cpp:2:
/usr/include/c++/7/ext/new_allocator.h:160:5: note: candidate: template<class _Tp> bool __gnu_cxx::operator!=(const __gnu_cxx::new_allocator<_Tp>&, const __gnu_cxx::new_allocator<_Tp>&)
     operator!=(const new_allocator<_Tp>&, const new_allocator<_Tp>&)
     ^~~~~~~~
/usr/include/c++/7/ext/new_allocator.h:160:5: note:   template argument deduction/substitution failed:
./계정정지.cpp:29:32: note:   mismatched types ‘const __gnu_cxx::new_allocator<_Tp>’ and ‘__gnu_cxx::__alloc_traits<std::allocator<int> >::value_type {aka int}’
             if(answer[i][j] != compare_arr){
                                ^~~~~~~~~~~
In file included from /usr/include/c++/7/bits/stl_algobase.h:67:0,
                 from /usr/include/c++/7/bits/char_traits.h:39,
                 from /usr/include/c++/7/string:40,
                 from ./계정정지.cpp:2:
/usr/include/c++/7/bits/stl_iterator.h:883:5: note: candidate: template<class _Iterator, class _Container> bool __gnu_cxx::operator!=(const __gnu_cxx::__normal_iterator<_Iterator, _Container>&, const __gnu_cxx::__normal_iterator<_Iterator, _Container>&)
     operator!=(const __normal_iterator<_Iterator, _Container>& __lhs,
     ^~~~~~~~
/usr/include/c++/7/bits/stl_iterator.h:883:5: note:   template argument deduction/substitution failed:
./계정정지.cpp:29:32: note:   mismatched types ‘const __gnu_cxx::__normal_iterator<_Iterator, _Container>’ and ‘__gnu_cxx::__alloc_traits<std::allocator<int> >::value_type {aka int}’
             if(answer[i][j] != compare_arr){
                                ^~~~~~~~~~~
In file included from /usr/include/c++/7/bits/stl_algobase.h:67:0,
                 from /usr/include/c++/7/bits/char_traits.h:39,
                 from /usr/include/c++/7/string:40,
                 from ./계정정지.cpp:2:
/usr/include/c++/7/bits/stl_iterator.h:876:5: note: candidate: template<class _IteratorL, class _IteratorR, class _Container> bool __gnu_cxx::operator!=(const __gnu_cxx::__normal_iterator<_IteratorL, _Container>&, const __gnu_cxx::__normal_iterator<_IteratorR, _Container>&)
     operator!=(const __normal_iterator<_IteratorL, _Container>& __lhs,
     ^~~~~~~~
/usr/include/c++/7/bits/stl_iterator.h:876:5: note:   template argument deduction/substitution failed:
./계정정지.cpp:29:32: note:   mismatched types ‘const __gnu_cxx::__normal_iterator<_IteratorL, _Container>’ and ‘__gnu_cxx::__alloc_traits<std::allocator<int> >::value_type {aka int}’
             if(answer[i][j] != compare_arr){
                                ^~~~~~~~~~~
./계정정지.cpp: In function ‘int main()’:
./계정정지.cpp:120:45: error: ‘count’ cannot be used as a function
     cout << count(answer, ret, compare_arr,0);
                                             ^
